TN:
SF:src\Yatzy.ts
FN:4,(anonymous_0)
FN:13,(anonymous_1)
FN:23,(anonymous_2)
FN:33,(anonymous_3)
FN:44,(anonymous_4)
FN:54,(anonymous_5)
FN:65,(anonymous_6)
FN:77,(anonymous_7)
FN:95,(anonymous_8)
FN:107,(anonymous_9)
FN:119,(anonymous_10)
FN:131,(anonymous_11)
FN:143,(anonymous_12)
FN:174,(anonymous_13)
FN:185,(anonymous_14)
FN:192,(anonymous_15)
FNF:16
FNH:16
FNDA:23328,(anonymous_0)
FNDA:7776,(anonymous_1)
FNDA:7776,(anonymous_2)
FNDA:7776,(anonymous_3)
FNDA:7776,(anonymous_4)
FNDA:7776,(anonymous_5)
FNDA:7776,(anonymous_6)
FNDA:7776,(anonymous_7)
FNDA:7776,(anonymous_8)
FNDA:7776,(anonymous_9)
FNDA:7776,(anonymous_10)
FNDA:7776,(anonymous_11)
FNDA:7776,(anonymous_12)
FNDA:7776,(anonymous_13)
FNDA:7776,(anonymous_14)
FNDA:7776,(anonymous_15)
DA:1,1
DA:5,23328
DA:6,23328
DA:7,23328
DA:8,23328
DA:9,23328
DA:10,23328
DA:14,7776
DA:15,7776
DA:16,7776
DA:17,7776
DA:18,7776
DA:19,7776
DA:20,7776
DA:24,7776
DA:25,7776
DA:26,38880
DA:27,38880
DA:29,46641
DA:30,7770
DA:34,7776
DA:35,7776
DA:36,7776
DA:37,7776
DA:38,7776
DA:39,7776
DA:41,7776
DA:45,7776
DA:46,7776
DA:47,7776
DA:48,7776
DA:49,7776
DA:50,7776
DA:51,7776
DA:56,7776
DA:57,7776
DA:58,7776
DA:59,7776
DA:60,7776
DA:61,7776
DA:62,7776
DA:66,7776
DA:67,7776
DA:68,7776
DA:69,7776
DA:70,7776
DA:71,7776
DA:73,26566
DA:74,720
DA:78,7776
DA:79,7776
DA:80,7776
DA:81,7776
DA:82,7776
DA:83,7776
DA:84,7776
DA:85,7776
DA:86,7776
DA:87,46656
DA:88,9156
DA:89,9156
DA:91,7776
DA:92,5676
DA:97,7776
DA:98,7776
DA:99,7776
DA:100,7776
DA:101,7776
DA:102,7776
DA:103,46266
DA:104,7620
DA:109,7776
DA:110,7776
DA:111,7776
DA:112,7776
DA:113,7776
DA:114,7776
DA:115,42516
DA:116,6120
DA:121,7776
DA:122,7776
DA:123,7776
DA:124,7776
DA:125,7776
DA:126,7776
DA:127,7776
DA:128,7656
DA:133,7776
DA:134,7776
DA:135,7776
DA:136,7776
DA:137,7776
DA:138,7776
DA:139,7776
DA:140,7656
DA:145,7776
DA:147,7776
DA:148,7776
DA:149,7776
DA:151,7776
DA:152,7776
DA:153,7776
DA:154,7776
DA:155,7776
DA:156,7776
DA:158,7776
DA:159,46656
DA:160,7500
DA:161,7500
DA:164,7776
DA:165,46656
DA:166,1500
DA:167,1500
DA:170,7776
DA:171,7476
DA:176,7776
DA:177,7776
DA:178,38880
DA:179,6480
DA:182,7776
DA:186,7776
DA:188,38880
DA:189,7776
DA:193,7776
DA:194,38880
DA:195,7776
LF:126
LH:126
BRDA:29,0,0,6
BRDA:35,1,0,1296
BRDA:36,2,0,1296
BRDA:37,3,0,1296
BRDA:38,4,0,1296
BRDA:39,5,0,1296
BRDA:46,6,0,1296
BRDA:47,7,0,1296
BRDA:48,8,0,1296
BRDA:49,9,0,1296
BRDA:50,10,0,1296
BRDA:57,11,0,1296
BRDA:58,12,0,1296
BRDA:59,13,0,1296
BRDA:60,14,0,1296
BRDA:61,15,0,1296
BRDA:73,16,0,7056
BRDA:87,17,0,9156
BRDA:91,18,0,2100
BRDA:91,18,1,5676
BRDA:103,19,0,156
BRDA:115,20,0,1656
BRDA:127,21,0,120
BRDA:127,22,0,7776
BRDA:127,22,1,3125
BRDA:127,22,2,1280
BRDA:127,22,3,540
BRDA:127,22,4,240
BRDA:139,23,0,120
BRDA:139,24,0,7776
BRDA:139,24,1,3125
BRDA:139,24,2,1280
BRDA:139,24,3,540
BRDA:139,24,4,240
BRDA:159,25,0,7500
BRDA:165,26,0,1500
BRDA:170,27,0,300
BRDA:170,27,1,7476
BRDA:170,28,0,7776
BRDA:170,28,1,5700
BRDA:178,29,0,6480
BRDA:188,30,0,6480
BRDA:194,31,0,6480
BRF:43
BRH:43
end_of_record
